<?xml version="1.0" encoding="UTF-8"?>
<testng-results ignored="0" total="4" passed="4" failed="0" skipped="0">
  <reporter-output>
  </reporter-output>
  <suite started-at="2024-07-23T09:21:57 IST" name="PetSuite" finished-at="2024-07-23T09:22:05 IST" duration-ms="8103">
    <groups>
    </groups>
    <test started-at="2024-07-23T09:21:57 IST" name="PetTest" finished-at="2024-07-23T09:22:05 IST" duration-ms="8103">
      <class name="api.test.UserTests2ForPropertiesFile">
        <test-method is-config="true" signature="setUpData()[pri:0, instance:api.test.UserTests2ForPropertiesFile@2b30a42c]" started-at="2024-07-23T09:21:57 IST" name="setUpData" finished-at="2024-07-23T09:21:58 IST" duration-ms="797" status="PASS">
          <reporter-output>
          </reporter-output>
        </test-method> <!-- setUpData -->
        <test-method signature="testPostUser()[pri:1, instance:api.test.UserTests2ForPropertiesFile@2b30a42c]" started-at="2024-07-23T09:21:58 IST" name="testPostUser" finished-at="2024-07-23T09:22:00 IST" duration-ms="2509" status="PASS">
          <reporter-output>
          </reporter-output>
        </test-method> <!-- testPostUser -->
        <test-method signature="testGetUserByName()[pri:2, instance:api.test.UserTests2ForPropertiesFile@2b30a42c]" started-at="2024-07-23T09:22:00 IST" name="testGetUserByName" finished-at="2024-07-23T09:22:01 IST" duration-ms="1079" status="PASS">
          <reporter-output>
          </reporter-output>
        </test-method> <!-- testGetUserByName -->
        <test-method signature="testUpdateUser()[pri:3, instance:api.test.UserTests2ForPropertiesFile@2b30a42c]" started-at="2024-07-23T09:22:01 IST" name="testUpdateUser" finished-at="2024-07-23T09:22:04 IST" duration-ms="2224" status="PASS">
          <reporter-output>
          </reporter-output>
        </test-method> <!-- testUpdateUser -->
        <test-method signature="testDeleteUser()[pri:4, instance:api.test.UserTests2ForPropertiesFile@2b30a42c]" started-at="2024-07-23T09:22:04 IST" name="testDeleteUser" finished-at="2024-07-23T09:22:05 IST" duration-ms="1140" status="PASS">
          <reporter-output>
          </reporter-output>
        </test-method> <!-- testDeleteUser -->
      </class> <!-- api.test.UserTests2ForPropertiesFile -->
    </test> <!-- PetTest -->
  </suite> <!-- PetSuite -->
</testng-results>
