<?xml version="1.0" encoding="UTF-8"?>
<testng-results ignored="0" total="3" passed="3" failed="0" skipped="0">
  <reporter-output>
  </reporter-output>
  <suite started-at="2024-07-27T22:23:13 IST" name="Default suite" finished-at="2024-07-27T22:23:19 IST" duration-ms="5817">
    <groups>
    </groups>
    <test started-at="2024-07-27T22:23:13 IST" name="Default test" finished-at="2024-07-27T22:23:19 IST" duration-ms="5817">
      <class name="api.test.StoreTest">
        <test-method is-config="true" signature="setupData()[pri:0, instance:api.test.StoreTest@247310d0]" started-at="2024-07-27T22:23:13 IST" name="setupData" finished-at="2024-07-27T22:23:14 IST" duration-ms="564" status="PASS">
          <reporter-output>
          </reporter-output>
        </test-method> <!-- setupData -->
        <test-method signature="testPostStore()[pri:1, instance:api.test.StoreTest@247310d0]" started-at="2024-07-27T22:23:14 IST" name="testPostStore" finished-at="2024-07-27T22:23:16 IST" duration-ms="2684" status="PASS">
          <reporter-output>
          </reporter-output>
        </test-method> <!-- testPostStore -->
        <test-method signature="testGetStore()[pri:2, instance:api.test.StoreTest@247310d0]" started-at="2024-07-27T22:23:16 IST" name="testGetStore" finished-at="2024-07-27T22:23:18 IST" duration-ms="1233" status="PASS">
          <reporter-output>
          </reporter-output>
        </test-method> <!-- testGetStore -->
        <test-method signature="testDeleteStore()[pri:3, instance:api.test.StoreTest@247310d0]" started-at="2024-07-27T22:23:18 IST" name="testDeleteStore" finished-at="2024-07-27T22:23:19 IST" duration-ms="1285" status="PASS">
          <reporter-output>
          </reporter-output>
        </test-method> <!-- testDeleteStore -->
      </class> <!-- api.test.StoreTest -->
    </test> <!-- Default test -->
  </suite> <!-- Default suite -->
</testng-results>
