<?xml version="1.0" encoding="UTF-8"?>
<!-- Generated by org.testng.reporters.JUnitXMLReporter -->
<testsuite ignored="0" hostname="LAPTOP-1FDCFRQ6" failures="0" tests="3" name="Default test" time="5.817" errors="0" timestamp="2024-07-27T22:23:19 IST">
  <testcase classname="api.test.StoreTest" name="testPostStore" time="2.684"/>
  <testcase classname="api.test.StoreTest" name="testGetStore" time="1.233"/>
  <testcase classname="api.test.StoreTest" name="testDeleteStore" time="1.285"/>
</testsuite> <!-- Default test -->
