<?xml version="1.0" encoding="UTF-8"?>
<!-- Generated by org.testng.reporters.JUnitXMLReporter -->
<testsuite ignored="0" hostname="LAPTOP-1FDCFRQ6" failures="0" tests="10" name="Surefire test" time="15.903" errors="0" timestamp="2024-07-23T09:39:41 IST">
  <testcase classname="api.test.DataDrivenTest" name="testPostUser" time="2.948"/>
  <testcase classname="api.test.DataDrivenTest" name="testPostUser" time="1.141"/>
  <testcase classname="api.test.DataDrivenTest" name="testPostUser" time="1.16"/>
  <testcase classname="api.test.DataDrivenTest" name="testDeleteUserByName" time="1.211"/>
  <testcase classname="api.test.DataDrivenTest" name="testDeleteUserByName" time="1.134"/>
  <testcase classname="api.test.DataDrivenTest" name="testDeleteUserByName" time="1.086"/>
  <testcase classname="api.test.UserTests" name="testPostUser" time="1.136"/>
  <testcase classname="api.test.UserTests" name="testGetUserByName" time="1.119"/>
  <testcase classname="api.test.UserTests" name="testUpdateUser" time="2.133"/>
  <testcase classname="api.test.UserTests" name="testDeleteUser" time="1.098"/>
</testsuite> <!-- Surefire test -->
